<testsuite failures="3" name="src/test/scripts/module_name/Example.feature" skipped="0" tests="3" time="0.473126">
  <testcase classname="src.test.scripts.module_name.Example" name="Verify GET request schema and response code." time="0.454356">
    <failure message="Example.feature:19 - javascript evaluation failed: responseStatus == response_data.success_code, ReferenceError: &quot;response_data&quot; is not defined in &lt;eval&gt; at line number 1">* def endpoints = read('file:'+endpoints_path+'endpoints.json') ........... passed
* def request_data =  request_data_path+'module_name' ..................... passed
* def response_schema = response_schema_path+'module_name/' ............... passed
* def headers_data = read('file:'+request_headers_path+'module_name/headers.json') . passed
* headers headers_data .................................................... passed
* def Utils = Java.type('framework.Utils') ................................ passed
And url base_url .......................................................... passed
Given path endpoints.modudleName1.pathName1 ............................... passed
Given param channels.id = 'auto_channel' .................................. passed
Given param externalId = 'auto_externalId' ................................ passed
And print headers_data .................................................... passed
When method GET ........................................................... passed
Then assert responseStatus == response_data.success_code .................. failed

Stack Trace:
com.intuit.karate.exception.KarateException: Example.feature:19 - javascript evaluation failed: responseStatus == response_data.success_code, ReferenceError: "response_data" is not defined in &lt;eval&gt; at line number 1
	at ✽.Then assert responseStatus == response_data.success_code (Example.feature:19)

And def expectedSchema = read('file:'+response_schema+'/hal_get_schema.json') . skipped
And match response contains expectedSchema ................................ skipped</failure>
  </testcase>
  <testcase classname="src.test.scripts.module_name.Example" name="Verify POST request schema and response code." time="0.012828">
    <failure message="Example.feature:25 - javascript evaluation failed: endpoints.cartWriteController.postCreateCart, TypeError: Cannot get property &quot;postCreateCart&quot; of null in &lt;eval&gt; at line number 1">* def endpoints = read('file:'+endpoints_path+'endpoints.json') ........... passed
* def request_data =  request_data_path+'module_name' ..................... passed
* def response_schema = response_schema_path+'module_name/' ............... passed
* def headers_data = read('file:'+request_headers_path+'module_name/headers.json') . passed
* headers headers_data .................................................... passed
* def Utils = Java.type('framework.Utils') ................................ passed
And url base_url .......................................................... passed
Given path endpoints.modudleName1.pathName1 ............................... passed
Given param channels.id = 'auto_channel' .................................. passed
Given param externalId = 'auto_externalId' ................................ passed
And print headers_data .................................................... passed
When method GET ........................................................... passed
Then assert responseStatus == response_data.success_code .................. failed

Stack Trace:
com.intuit.karate.exception.KarateException: Example.feature:19 - javascript evaluation failed: responseStatus == response_data.success_code, ReferenceError: "response_data" is not defined in &lt;eval&gt; at line number 1
	at ✽.Then assert responseStatus == response_data.success_code (Example.feature:19)

And def expectedSchema = read('file:'+response_schema+'/hal_get_schema.json') . skipped
And match response contains expectedSchema ................................ skipped
* def endpoints = read('file:'+endpoints_path+'endpoints.json') ........... passed
* def request_data =  request_data_path+'module_name' ..................... passed
* def response_schema = response_schema_path+'module_name/' ............... passed
* def headers_data = read('file:'+request_headers_path+'module_name/headers.json') . passed
* headers headers_data .................................................... passed
* def Utils = Java.type('framework.Utils') ................................ passed
And url base_url .......................................................... passed
Given path endpoints.modudleName2.pathName2 ............................... passed
Given path endpoints.cartWriteController.postCreateCart ................... failed

Stack Trace:
com.intuit.karate.exception.KarateException: Example.feature:25 - javascript evaluation failed: endpoints.cartWriteController.postCreateCart, TypeError: Cannot get property "postCreateCart" of null in &lt;eval&gt; at line number 1
	at ✽.Given path endpoints.cartWriteController.postCreateCart (Example.feature:25)

Then def external_id = Utils.getRandomString(20) .......................... skipped
Given request read('file:'+request_data+'hal_post_cart_api.json') ......... skipped
When method POST .......................................................... skipped
Then assert responseStatus == response_data.created_code .................. skipped
Then def cart_id = $.id ................................................... skipped
Then print cart_id ........................................................ skipped
Then def value = Utils.AddConfig('shopping_cart_id#'+cart_id) ............. skipped
And def expectedSchema = read('file:'+response_schema+'/hal_post_schema.json') . skipped
And match response contains expectedSchema ................................ skipped</failure>
  </testcase>
  <testcase classname="src.test.scripts.module_name.Example" name="Verify PUT - Update request schema and response code." time="0.005943">
    <failure message="Example.feature:38 - javascript evaluation failed: endpoints.endpoints.cartWriteController.postCreateCart, TypeError: Cannot get property &quot;cartWriteController&quot; of null in &lt;eval&gt; at line number 1">* def endpoints = read('file:'+endpoints_path+'endpoints.json') ........... passed
* def request_data =  request_data_path+'module_name' ..................... passed
* def response_schema = response_schema_path+'module_name/' ............... passed
* def headers_data = read('file:'+request_headers_path+'module_name/headers.json') . passed
* headers headers_data .................................................... passed
* def Utils = Java.type('framework.Utils') ................................ passed
And url base_url .......................................................... passed
Given path endpoints.modudleName1.pathName1 ............................... passed
Given param channels.id = 'auto_channel' .................................. passed
Given param externalId = 'auto_externalId' ................................ passed
And print headers_data .................................................... passed
When method GET ........................................................... passed
Then assert responseStatus == response_data.success_code .................. failed

Stack Trace:
com.intuit.karate.exception.KarateException: Example.feature:19 - javascript evaluation failed: responseStatus == response_data.success_code, ReferenceError: "response_data" is not defined in &lt;eval&gt; at line number 1
	at ✽.Then assert responseStatus == response_data.success_code (Example.feature:19)

And def expectedSchema = read('file:'+response_schema+'/hal_get_schema.json') . skipped
And match response contains expectedSchema ................................ skipped
* def endpoints = read('file:'+endpoints_path+'endpoints.json') ........... passed
* def request_data =  request_data_path+'module_name' ..................... passed
* def response_schema = response_schema_path+'module_name/' ............... passed
* def headers_data = read('file:'+request_headers_path+'module_name/headers.json') . passed
* headers headers_data .................................................... passed
* def Utils = Java.type('framework.Utils') ................................ passed
And url base_url .......................................................... passed
Given path endpoints.modudleName2.pathName2 ............................... passed
Given path endpoints.cartWriteController.postCreateCart ................... failed

Stack Trace:
com.intuit.karate.exception.KarateException: Example.feature:25 - javascript evaluation failed: endpoints.cartWriteController.postCreateCart, TypeError: Cannot get property "postCreateCart" of null in &lt;eval&gt; at line number 1
	at ✽.Given path endpoints.cartWriteController.postCreateCart (Example.feature:25)

Then def external_id = Utils.getRandomString(20) .......................... skipped
Given request read('file:'+request_data+'hal_post_cart_api.json') ......... skipped
When method POST .......................................................... skipped
Then assert responseStatus == response_data.created_code .................. skipped
Then def cart_id = $.id ................................................... skipped
Then print cart_id ........................................................ skipped
Then def value = Utils.AddConfig('shopping_cart_id#'+cart_id) ............. skipped
And def expectedSchema = read('file:'+response_schema+'/hal_post_schema.json') . skipped
And match response contains expectedSchema ................................ skipped
* def endpoints = read('file:'+endpoints_path+'endpoints.json') ........... passed
* def request_data =  request_data_path+'module_name' ..................... passed
* def response_schema = response_schema_path+'module_name/' ............... passed
* def headers_data = read('file:'+request_headers_path+'module_name/headers.json') . passed
* headers headers_data .................................................... passed
* def Utils = Java.type('framework.Utils') ................................ passed
And url base_url .......................................................... passed
Given path endpoints.modudleName2.pathName2 ............................... passed
Given path endpoints.endpoints.cartWriteController.postCreateCart ......... failed

Stack Trace:
com.intuit.karate.exception.KarateException: Example.feature:38 - javascript evaluation failed: endpoints.endpoints.cartWriteController.postCreateCart, TypeError: Cannot get property "cartWriteController" of null in &lt;eval&gt; at line number 1
	at ✽.Given path endpoints.endpoints.cartWriteController.postCreateCart (Example.feature:38)

Given request read('file:'+request_data+'hal_put_cart_api.json') .......... skipped
When method PUT ........................................................... skipped
Then assert responseStatus == response_data.created_code .................. skipped
And def expectedSchema = read('file:'+response_schema+'/hal_put_schema.json') . skipped
And match response contains expectedSchema ................................ skipped</failure>
  </testcase>
</testsuite>
