<testsuite failures="1" name="src/test/scripts/module_name/TestScript.feature" skipped="0" tests="1" time="0.47868">
  <testcase classname="src.test.scripts.module_name.TestScript" name="1" time="0.47868">
    <failure message="TestScript.feature:17 - assert evaluated to false: responseStatus == 200">* def endpoints = read('file:'+endpoints_path+'endpoints.json') ........... passed
* def request_data =  request_data_path+'module_name' ..................... passed
* def response_schema = response_schema_path+'/module_name/' .............. passed
* def headers_data = read('file:'+request_headers_path+'headers.json') .... passed
* headers headers_data.modudleName1 ....................................... passed
And url base_url .......................................................... passed
Given path endpoints.modudleName1.pathName1 ............................... passed
And print headers_data.modudleName1 ....................................... passed
When method GET ........................................................... passed
Then assert responseStatus == 200 ......................................... failed

Stack Trace:
com.intuit.karate.exception.KarateException: TestScript.feature:17 - assert evaluated to false: responseStatus == 200
	at ✽.Then assert responseStatus == 200 (TestScript.feature:17)</failure>
  </testcase>
</testsuite>
